{"/home/mark/Desktop/CodeTest3/src/Shop.js": {"path":"/home/mark/Desktop/CodeTest3/src/Shop.js","statementMap":{"0":{"start":{"line":13,"column":13},"end":{"line":69,"column":1}},"1":{"start":{"line":19,"column":2},"end":{"line":68,"column":8}},"2":{"start":{"line":24,"column":78},"end":{"line":24,"column":97}},"3":{"start":{"line":25,"column":50},"end":{"line":25,"column":97}},"4":{"start":{"line":37,"column":12},"end":{"line":63,"column":17}}},"fnMap":{"0":{"name":"(anonymous_0)","decl":{"start":{"line":13,"column":13},"end":{"line":13,"column":14}},"loc":{"start":{"line":19,"column":2},"end":{"line":68,"column":8}},"line":19},"1":{"name":"(anonymous_1)","decl":{"start":{"line":24,"column":69},"end":{"line":24,"column":70}},"loc":{"start":{"line":24,"column":78},"end":{"line":24,"column":97}},"line":24},"2":{"name":"(anonymous_2)","decl":{"start":{"line":25,"column":42},"end":{"line":25,"column":43}},"loc":{"start":{"line":25,"column":50},"end":{"line":25,"column":97}},"line":25},"3":{"name":"(anonymous_3)","decl":{"start":{"line":30,"column":46},"end":{"line":30,"column":47}},"loc":{"start":{"line":37,"column":12},"end":{"line":63,"column":17}},"line":37}},"branchMap":{"0":{"loc":{"start":{"line":25,"column":10},"end":{"line":25,"column":98}},"type":"binary-expr","locations":[{"start":{"line":25,"column":10},"end":{"line":25,"column":27}},{"start":{"line":25,"column":31},"end":{"line":25,"column":98}}],"line":25},"1":{"loc":{"start":{"line":30,"column":10},"end":{"line":64,"column":10}},"type":"binary-expr","locations":[{"start":{"line":30,"column":10},"end":{"line":30,"column":29}},{"start":{"line":30,"column":33},"end":{"line":64,"column":10}}],"line":30},"2":{"loc":{"start":{"line":43,"column":20},"end":{"line":45,"column":26}},"type":"binary-expr","locations":[{"start":{"line":43,"column":20},"end":{"line":43,"column":26}},{"start":{"line":43,"column":30},"end":{"line":45,"column":26}}],"line":43},"3":{"loc":{"start":{"line":48,"column":20},"end":{"line":50,"column":26}},"type":"binary-expr","locations":[{"start":{"line":48,"column":20},"end":{"line":48,"column":31}},{"start":{"line":48,"column":35},"end":{"line":50,"column":26}}],"line":48}},"s":{"0":2,"1":1,"2":1,"3":6,"4":3},"f":{"0":1,"1":1,"2":6,"3":3},"b":{"0":[1,1],"1":[1,1],"2":[3,1],"3":[3,1]},"_coverageSchema":"332fd63041d2c1bcb487cc26dd0d5f7d97098a6c","hash":"7a4932e903f2ebea659f58fce0036c5c9d308b64"}
,"/home/mark/Desktop/CodeTest3/src/ShopContainer.js": {"path":"/home/mark/Desktop/CodeTest3/src/ShopContainer.js","statementMap":{"0":{"start":{"line":26,"column":33},"end":{"line":26,"column":37}},"1":{"start":{"line":27,"column":4},"end":{"line":37,"column":18}},"2":{"start":{"line":28,"column":6},"end":{"line":35,"column":9}},"3":{"start":{"line":29,"column":8},"end":{"line":29,"column":31}},"4":{"start":{"line":30,"column":8},"end":{"line":34,"column":11}},"5":{"start":{"line":31,"column":10},"end":{"line":33,"column":11}},"6":{"start":{"line":32,"column":12},"end":{"line":32,"column":30}},"7":{"start":{"line":36,"column":6},"end":{"line":36,"column":52}},"8":{"start":{"line":41,"column":33},"end":{"line":41,"column":37}},"9":{"start":{"line":42,"column":24},"end":{"line":42,"column":42}},"10":{"start":{"line":43,"column":27},"end":{"line":43,"column":35}},"11":{"start":{"line":44,"column":4},"end":{"line":46,"column":5}},"12":{"start":{"line":45,"column":6},"end":{"line":45,"column":96}},"13":{"start":{"line":45,"column":53},"end":{"line":45,"column":93}},"14":{"start":{"line":47,"column":4},"end":{"line":47,"column":53}},"15":{"start":{"line":51,"column":28},"end":{"line":51,"column":38}},"16":{"start":{"line":52,"column":29},"end":{"line":52,"column":62}},"17":{"start":{"line":53,"column":4},"end":{"line":60,"column":6}}},"fnMap":{"0":{"name":"(anonymous_0)","decl":{"start":{"line":24,"column":2},"end":{"line":24,"column":3}},"loc":{"start":{"line":24,"column":31},"end":{"line":38,"column":3}},"line":24},"1":{"name":"(anonymous_1)","decl":{"start":{"line":27,"column":27},"end":{"line":27,"column":28}},"loc":{"start":{"line":27,"column":41},"end":{"line":37,"column":5}},"line":27},"2":{"name":"(anonymous_2)","decl":{"start":{"line":28,"column":28},"end":{"line":28,"column":29}},"loc":{"start":{"line":28,"column":41},"end":{"line":35,"column":7}},"line":28},"3":{"name":"(anonymous_3)","decl":{"start":{"line":30,"column":29},"end":{"line":30,"column":30}},"loc":{"start":{"line":30,"column":39},"end":{"line":34,"column":9}},"line":30},"4":{"name":"(anonymous_4)","decl":{"start":{"line":40,"column":2},"end":{"line":40,"column":3}},"loc":{"start":{"line":40,"column":62},"end":{"line":48,"column":3}},"line":40},"5":{"name":"(anonymous_5)","decl":{"start":{"line":45,"column":41},"end":{"line":45,"column":42}},"loc":{"start":{"line":45,"column":53},"end":{"line":45,"column":93}},"line":45},"6":{"name":"(anonymous_6)","decl":{"start":{"line":50,"column":2},"end":{"line":50,"column":3}},"loc":{"start":{"line":50,"column":11},"end":{"line":61,"column":3}},"line":50}},"branchMap":{"0":{"loc":{"start":{"line":31,"column":10},"end":{"line":33,"column":11}},"type":"if","locations":[{"start":{"line":31,"column":10},"end":{"line":33,"column":11}},{"start":{"line":31,"column":10},"end":{"line":33,"column":11}}],"line":31},"1":{"loc":{"start":{"line":44,"column":4},"end":{"line":46,"column":5}},"type":"if","locations":[{"start":{"line":44,"column":4},"end":{"line":46,"column":5}},{"start":{"line":44,"column":4},"end":{"line":46,"column":5}}],"line":44},"2":{"loc":{"start":{"line":52,"column":29},"end":{"line":52,"column":62}},"type":"binary-expr","locations":[{"start":{"line":52,"column":29},"end":{"line":52,"column":56}},{"start":{"line":52,"column":60},"end":{"line":52,"column":62}}],"line":52}},"s":{"0":5,"1":5,"2":5,"3":15,"4":15,"5":40,"6":25,"7":5,"8":2,"9":2,"10":2,"11":2,"12":1,"13":3,"14":2,"15":12,"16":12,"17":12},"f":{"0":5,"1":5,"2":15,"3":40,"4":2,"5":3,"6":12},"b":{"0":[25,15],"1":[1,1],"2":[12,5]},"_coverageSchema":"332fd63041d2c1bcb487cc26dd0d5f7d97098a6c","hash":"eda7828ddab779f08ba0f9c84c4c33ddfb0f6ef7"}
}
