TN:
SF:/home/mark/Desktop/CodeTest3/src/Shop.js
FN:13,(anonymous_0)
FN:24,(anonymous_1)
FN:25,(anonymous_2)
FN:30,(anonymous_3)
FNF:4
FNH:4
FNDA:1,(anonymous_0)
FNDA:1,(anonymous_1)
FNDA:6,(anonymous_2)
FNDA:3,(anonymous_3)
DA:13,2
DA:19,1
DA:24,1
DA:25,6
DA:37,3
LF:5
LH:5
BRDA:25,0,0,1
BRDA:25,0,1,1
BRDA:30,1,0,1
BRDA:30,1,1,1
BRDA:43,2,0,3
BRDA:43,2,1,1
BRDA:48,3,0,3
BRDA:48,3,1,1
BRF:8
BRH:8
end_of_record
TN:
SF:/home/mark/Desktop/CodeTest3/src/ShopContainer.js
FN:24,(anonymous_0)
FN:27,(anonymous_1)
FN:28,(anonymous_2)
FN:30,(anonymous_3)
FN:40,(anonymous_4)
FN:45,(anonymous_5)
FN:50,(anonymous_6)
FNF:7
FNH:7
FNDA:5,(anonymous_0)
FNDA:5,(anonymous_1)
FNDA:15,(anonymous_2)
FNDA:40,(anonymous_3)
FNDA:2,(anonymous_4)
FNDA:3,(anonymous_5)
FNDA:12,(anonymous_6)
DA:26,5
DA:27,5
DA:28,5
DA:29,15
DA:30,15
DA:31,40
DA:32,25
DA:36,5
DA:41,2
DA:42,2
DA:43,2
DA:44,2
DA:45,3
DA:47,2
DA:51,12
DA:52,12
DA:53,12
LF:17
LH:17
BRDA:31,0,0,25
BRDA:31,0,1,15
BRDA:44,1,0,1
BRDA:44,1,1,1
BRDA:52,2,0,12
BRDA:52,2,1,5
BRF:6
BRH:6
end_of_record
